TN:
SF:src/controllers/account.controller.js
FN:3,(anonymous_0)
FN:28,(anonymous_1)
FN:68,(anonymous_2)
FNF:3
FNH:0
FNDA:0,(anonymous_0)
FNDA:0,(anonymous_1)
FNDA:0,(anonymous_2)
DA:1,0
DA:3,0
DA:4,0
DA:5,0
DA:9,0
DA:10,0
DA:13,0
DA:15,0
DA:21,0
DA:28,0
DA:29,0
DA:31,0
DA:32,0
DA:35,0
DA:36,0
DA:40,0
DA:41,0
DA:44,0
DA:52,0
DA:54,0
DA:61,0
DA:68,0
DA:69,0
DA:71,0
DA:72,0
DA:75,0
DA:76,0
DA:81,0
DA:82,0
DA:85,0
DA:87,0
DA:94,0
DA:101,0
LF:33
LH:0
BRDA:9,0,0,0
BRDA:9,0,1,0
BRDA:23,1,0,0
BRDA:23,1,1,0
BRDA:31,2,0,0
BRDA:31,2,1,0
BRDA:31,3,0,0
BRDA:31,3,1,0
BRDA:40,4,0,0
BRDA:40,4,1,0
BRDA:63,5,0,0
BRDA:63,5,1,0
BRDA:71,6,0,0
BRDA:71,6,1,0
BRDA:81,7,0,0
BRDA:81,7,1,0
BRDA:96,8,0,0
BRDA:96,8,1,0
BRF:18
BRH:0
end_of_record
TN:
SF:src/controllers/auth.controller.js
FN:5,(anonymous_0)
FN:59,(anonymous_1)
FNF:2
FNH:2
FNDA:18,(anonymous_0)
FNDA:17,(anonymous_1)
DA:1,2
DA:2,2
DA:3,2
DA:5,2
DA:6,18
DA:8,17
DA:9,5
DA:12,12
DA:13,12
DA:14,10
DA:15,3
DA:18,7
DA:20,6
DA:29,5
DA:39,5
DA:43,5
DA:44,5
DA:46,4
DA:52,4
DA:59,2
DA:60,17
DA:62,17
DA:63,5
DA:66,12
DA:67,12
DA:68,10
DA:69,2
DA:72,8
DA:73,6
DA:74,2
DA:77,4
DA:81,2
DA:83,6
DA:89,6
DA:96,2
LF:35
LH:35
BRDA:8,0,0,5
BRDA:8,0,1,12
BRDA:8,1,0,17
BRDA:8,1,1,14
BRDA:14,2,0,3
BRDA:14,2,1,7
BRDA:54,3,0,0
BRDA:54,3,1,4
BRDA:62,4,0,5
BRDA:62,4,1,12
BRDA:62,5,0,17
BRDA:62,5,1,14
BRDA:68,6,0,2
BRDA:68,6,1,8
BRDA:73,7,0,2
BRDA:73,7,1,4
BRDA:91,8,0,0
BRDA:91,8,1,6
BRF:18
BRH:16
end_of_record
TN:
SF:src/controllers/category.controller.js
FN:3,(anonymous_0)
FN:23,(anonymous_1)
FN:58,(anonymous_2)
FN:101,(anonymous_3)
FNF:4
FNH:0
FNDA:0,(anonymous_0)
FNDA:0,(anonymous_1)
FNDA:0,(anonymous_2)
FNDA:0,(anonymous_3)
DA:1,0
DA:3,0
DA:4,0
DA:5,0
DA:8,0
DA:10,0
DA:16,0
DA:23,0
DA:24,0
DA:26,0
DA:27,0
DA:30,0
DA:31,0
DA:34,0
DA:35,0
DA:42,0
DA:44,0
DA:51,0
DA:58,0
DA:59,0
DA:60,0
DA:62,0
DA:63,0
DA:66,0
DA:67,0
DA:70,0
DA:71,0
DA:75,0
DA:76,0
DA:79,0
DA:84,0
DA:86,0
DA:94,0
DA:101,0
DA:102,0
DA:104,0
DA:105,0
DA:109,0
DA:110,0
DA:113,0
DA:117,0
DA:119,0
DA:126,0
DA:133,0
LF:44
LH:0
BRDA:18,0,0,0
BRDA:18,0,1,0
BRDA:26,1,0,0
BRDA:26,1,1,0
BRDA:26,2,0,0
BRDA:26,2,1,0
BRDA:30,3,0,0
BRDA:30,3,1,0
BRDA:30,4,0,0
BRDA:30,4,1,0
BRDA:53,5,0,0
BRDA:53,5,1,0
BRDA:62,6,0,0
BRDA:62,6,1,0
BRDA:62,7,0,0
BRDA:62,7,1,0
BRDA:66,8,0,0
BRDA:66,8,1,0
BRDA:66,9,0,0
BRDA:66,9,1,0
BRDA:75,10,0,0
BRDA:75,10,1,0
BRDA:96,11,0,0
BRDA:96,11,1,0
BRDA:109,12,0,0
BRDA:109,12,1,0
BRDA:128,13,0,0
BRDA:128,13,1,0
BRF:28
BRH:0
end_of_record
TN:
SF:src/controllers/transaction.controller.js
FN:3,(anonymous_0)
FN:49,(anonymous_1)
FN:77,(anonymous_2)
FN:116,(anonymous_3)
FN:129,(anonymous_4)
FN:193,(anonymous_5)
FN:197,(anonymous_6)
FNF:7
FNH:7
FNDA:5,(anonymous_0)
FNDA:24,(anonymous_1)
FNDA:9,(anonymous_2)
FNDA:8,(anonymous_3)
FNDA:6,(anonymous_4)
FNDA:7,(anonymous_5)
FNDA:5,(anonymous_6)
DA:1,2
DA:3,2
DA:4,5
DA:5,5
DA:7,5
DA:8,5
DA:21,4
DA:29,4
DA:35,1
DA:42,1
DA:49,2
DA:50,24
DA:52,24
DA:53,5
DA:56,19
DA:57,2
DA:60,17
DA:61,17
DA:65,17
DA:66,2
DA:69,15
DA:73,15
DA:74,2
DA:77,13
DA:78,9
DA:90,9
DA:92,9
DA:97,9
DA:100,11
DA:102,2
DA:109,2
DA:116,2
DA:117,8
DA:118,8
DA:120,8
DA:121,2
DA:124,6
DA:125,0
DA:128,6
DA:129,6
DA:130,6
DA:134,6
DA:135,2
DA:138,4
DA:144,4
DA:150,4
DA:154,4
DA:159,3
DA:170,3
DA:173,3
DA:175,3
DA:176,2
DA:178,1
DA:186,1
DA:193,2
DA:194,7
DA:196,7
DA:197,7
DA:198,5
DA:202,5
DA:203,2
DA:206,3
DA:211,3
DA:215,3
DA:220,3
DA:224,3
DA:227,3
DA:229,4
DA:230,2
DA:232,2
DA:239,2
DA:246,2
LF:72
LH:71
BRDA:4,0,0,3
BRDA:4,1,0,3
BRDA:44,2,0,0
BRDA:44,2,1,1
BRDA:52,3,0,5
BRDA:52,3,1,19
BRDA:52,4,0,24
BRDA:52,4,1,23
BRDA:52,4,2,21
BRDA:52,4,3,20
BRDA:56,5,0,2
BRDA:56,5,1,17
BRDA:56,6,0,19
BRDA:56,6,1,16
BRDA:65,7,0,2
BRDA:65,7,1,15
BRDA:73,8,0,2
BRDA:73,8,1,13
BRDA:90,9,0,3
BRDA:90,9,1,6
BRDA:111,10,0,0
BRDA:111,10,1,2
BRDA:120,11,0,2
BRDA:120,11,1,6
BRDA:120,12,0,8
BRDA:120,12,1,7
BRDA:120,12,2,6
BRDA:120,12,3,6
BRDA:124,13,0,0
BRDA:124,13,1,6
BRDA:124,14,0,6
BRDA:124,14,1,5
BRDA:134,15,0,2
BRDA:134,15,1,4
BRDA:144,16,0,0
BRDA:144,16,1,4
BRDA:150,17,0,1
BRDA:150,17,1,3
BRDA:175,18,0,2
BRDA:175,18,1,1
BRDA:188,19,0,0
BRDA:188,19,1,1
BRDA:202,20,0,2
BRDA:202,20,1,3
BRDA:211,21,0,1
BRDA:211,21,1,2
BRDA:229,22,0,2
BRDA:229,22,1,2
BRDA:241,23,0,0
BRDA:241,23,1,2
BRF:50
BRH:44
end_of_record
TN:
SF:src/middlewares/auth.middleware.js
FN:3,(anonymous_0)
FNF:1
FNH:1
FNDA:48,(anonymous_0)
DA:1,2
DA:3,2
DA:4,48
DA:6,48
DA:7,10
DA:10,38
DA:13,38
DA:14,1
DA:17,37
DA:18,37
DA:19,31
DA:20,31
DA:22,6
DA:26,2
LF:14
LH:14
BRDA:6,0,0,10
BRDA:6,0,1,38
BRDA:6,1,0,48
BRDA:6,1,1,42
BRDA:13,2,0,1
BRDA:13,2,1,37
BRF:6
BRH:6
end_of_record
TN:
SF:src/routes/account.routes.js
FNF:0
FNH:0
DA:1,0
DA:2,0
DA:3,0
DA:5,0
DA:7,0
DA:9,0
DA:10,0
DA:11,0
DA:13,0
LF:9
LH:0
BRF:0
BRH:0
end_of_record
TN:
SF:src/routes/auth.routes.js
FNF:0
FNH:0
DA:1,1
DA:2,1
DA:4,1
DA:6,1
DA:7,1
DA:9,1
LF:6
LH:6
BRF:0
BRH:0
end_of_record
TN:
SF:src/routes/category.routes.js
FNF:0
FNH:0
DA:1,0
DA:7,0
DA:8,0
DA:10,0
DA:12,0
DA:14,0
DA:15,0
DA:16,0
DA:17,0
DA:19,0
LF:10
LH:0
BRF:0
BRH:0
end_of_record
TN:
SF:src/routes/health.routes.js
FN:7,(anonymous_0)
FNF:1
FNH:0
FNDA:0,(anonymous_0)
DA:1,0
DA:2,0
DA:4,0
DA:7,0
DA:8,0
DA:10,0
DA:12,0
DA:19,0
DA:20,0
DA:29,0
LF:10
LH:0
BRF:0
BRH:0
end_of_record
TN:
SF:src/routes/transaction.routes.js
FNF:0
FNH:0
DA:1,1
DA:7,1
DA:8,1
DA:10,1
DA:12,1
DA:14,1
DA:15,1
DA:16,1
DA:17,1
DA:19,1
LF:10
LH:10
BRF:0
BRH:0
end_of_record
TN:
SF:src/utils/aws-secrets.js
FN:5,(anonymous_0)
FN:19,(anonymous_1)
FN:48,(anonymous_2)
FN:67,(anonymous_3)
FN:76,(anonymous_4)
FNF:5
FNH:0
FNDA:0,(anonymous_0)
FNDA:0,(anonymous_1)
FNDA:0,(anonymous_2)
FNDA:0,(anonymous_3)
FNDA:0,(anonymous_4)
DA:1,0
DA:2,0
DA:6,0
DA:7,0
DA:8,0
DA:10,0
DA:11,0
DA:15,0
DA:20,0
DA:24,0
DA:29,0
DA:30,0
DA:34,0
DA:36,0
DA:37,0
DA:40,0
DA:43,0
DA:44,0
DA:49,0
DA:51,0
DA:53,0
DA:57,0
DA:59,0
DA:60,0
DA:63,0
DA:64,0
DA:69,0
DA:70,0
DA:71,0
DA:73,0
DA:77,0
DA:78,0
DA:81,0
DA:89,0
LF:34
LH:0
BRDA:6,0,0,0
BRDA:6,0,1,0
BRDA:7,1,0,0
BRDA:7,1,1,0
BRDA:10,2,0,0
BRDA:10,2,1,0
BRDA:12,3,0,0
BRDA:12,3,1,0
BRDA:19,4,0,0
BRDA:20,5,0,0
BRDA:20,5,1,0
BRDA:31,6,0,0
BRDA:31,6,1,0
BRDA:36,7,0,0
BRDA:36,7,1,0
BRDA:51,8,0,0
BRDA:51,8,1,0
BRDA:59,9,0,0
BRDA:59,9,1,0
BRDA:59,10,0,0
BRDA:59,10,1,0
BRDA:59,10,2,0
BRDA:59,10,3,0
BRDA:63,11,0,0
BRDA:63,11,1,0
BRDA:70,12,0,0
BRDA:70,12,1,0
BRDA:84,13,0,0
BRDA:84,13,1,0
BRF:29
BRH:0
end_of_record
TN:
SF:src/utils/prisma.js
FNF:0
FNH:0
DA:1,0
DA:3,0
DA:5,0
LF:3
LH:0
BRF:0
BRH:0
end_of_record
