TN:
SF:src/controllers/account.controller.js
FN:3,(anonymous_0)
FN:19,(anonymous_1)
FN:49,(anonymous_2)
FNF:3
FNH:0
FNDA:0,(anonymous_0)
FNDA:0,(anonymous_1)
FNDA:0,(anonymous_2)
DA:1,0
DA:3,0
DA:4,0
DA:5,0
DA:9,0
DA:10,0
DA:13,0
DA:15,0
DA:19,0
DA:20,0
DA:22,0
DA:23,0
DA:26,0
DA:27,0
DA:31,0
DA:32,0
DA:35,0
DA:43,0
DA:45,0
DA:49,0
DA:50,0
DA:52,0
DA:53,0
DA:56,0
DA:57,0
DA:62,0
DA:63,0
DA:66,0
DA:68,0
DA:72,0
LF:30
LH:0
BRDA:9,0,0,0
BRDA:9,0,1,0
BRDA:22,1,0,0
BRDA:22,1,1,0
BRDA:22,2,0,0
BRDA:22,2,1,0
BRDA:31,3,0,0
BRDA:31,3,1,0
BRDA:52,4,0,0
BRDA:52,4,1,0
BRDA:62,5,0,0
BRDA:62,5,1,0
BRF:12
BRH:0
end_of_record
TN:
SF:src/controllers/auth.controller.js
FN:5,(anonymous_0)
FN:50,(anonymous_1)
FNF:2
FNH:2
FNDA:18,(anonymous_0)
FNDA:17,(anonymous_1)
DA:1,2
DA:2,2
DA:3,2
DA:5,2
DA:6,18
DA:8,17
DA:9,5
DA:12,12
DA:13,12
DA:14,10
DA:15,3
DA:18,7
DA:20,6
DA:29,5
DA:39,5
DA:43,5
DA:44,5
DA:46,4
DA:50,2
DA:51,17
DA:53,17
DA:54,5
DA:57,12
DA:58,12
DA:59,10
DA:60,2
DA:63,8
DA:64,6
DA:65,2
DA:68,4
DA:72,2
DA:74,6
DA:78,2
LF:33
LH:33
BRDA:8,0,0,5
BRDA:8,0,1,12
BRDA:8,1,0,17
BRDA:8,1,1,14
BRDA:14,2,0,3
BRDA:14,2,1,7
BRDA:53,3,0,5
BRDA:53,3,1,12
BRDA:53,4,0,17
BRDA:53,4,1,14
BRDA:59,5,0,2
BRDA:59,5,1,8
BRDA:64,6,0,2
BRDA:64,6,1,4
BRF:14
BRH:14
end_of_record
TN:
SF:src/controllers/category.controller.js
FN:3,(anonymous_0)
FN:14,(anonymous_1)
FN:39,(anonymous_2)
FN:71,(anonymous_3)
FNF:4
FNH:0
FNDA:0,(anonymous_0)
FNDA:0,(anonymous_1)
FNDA:0,(anonymous_2)
FNDA:0,(anonymous_3)
DA:1,0
DA:3,0
DA:4,0
DA:5,0
DA:8,0
DA:10,0
DA:14,0
DA:15,0
DA:17,0
DA:18,0
DA:21,0
DA:22,0
DA:25,0
DA:26,0
DA:33,0
DA:35,0
DA:39,0
DA:40,0
DA:41,0
DA:43,0
DA:44,0
DA:47,0
DA:48,0
DA:51,0
DA:52,0
DA:56,0
DA:57,0
DA:60,0
DA:65,0
DA:67,0
DA:71,0
DA:72,0
DA:74,0
DA:75,0
DA:79,0
DA:80,0
DA:83,0
DA:87,0
DA:89,0
DA:93,0
LF:40
LH:0
BRDA:17,0,0,0
BRDA:17,0,1,0
BRDA:17,1,0,0
BRDA:17,1,1,0
BRDA:21,2,0,0
BRDA:21,2,1,0
BRDA:21,3,0,0
BRDA:21,3,1,0
BRDA:43,4,0,0
BRDA:43,4,1,0
BRDA:43,5,0,0
BRDA:43,5,1,0
BRDA:47,6,0,0
BRDA:47,6,1,0
BRDA:47,7,0,0
BRDA:47,7,1,0
BRDA:56,8,0,0
BRDA:56,8,1,0
BRDA:79,9,0,0
BRDA:79,9,1,0
BRF:20
BRH:0
end_of_record
TN:
SF:src/controllers/transaction.controller.js
FN:3,(anonymous_0)
FN:39,(anonymous_1)
FN:67,(anonymous_2)
FN:96,(anonymous_3)
FN:109,(anonymous_4)
FN:162,(anonymous_5)
FN:166,(anonymous_6)
FNF:7
FNH:7
FNDA:5,(anonymous_0)
FNDA:24,(anonymous_1)
FNDA:9,(anonymous_2)
FNDA:8,(anonymous_3)
FNDA:6,(anonymous_4)
FNDA:7,(anonymous_5)
FNDA:5,(anonymous_6)
DA:1,2
DA:3,2
DA:4,5
DA:5,5
DA:7,5
DA:8,5
DA:21,4
DA:29,4
DA:35,1
DA:39,2
DA:40,24
DA:42,24
DA:43,5
DA:46,19
DA:47,2
DA:50,17
DA:51,17
DA:55,17
DA:56,2
DA:59,15
DA:63,15
DA:64,2
DA:67,13
DA:68,9
DA:80,9
DA:82,9
DA:87,9
DA:90,11
DA:92,2
DA:96,2
DA:97,8
DA:98,8
DA:100,8
DA:101,2
DA:104,6
DA:105,0
DA:108,6
DA:109,6
DA:110,6
DA:114,6
DA:115,2
DA:118,4
DA:124,4
DA:130,4
DA:134,4
DA:139,3
DA:150,3
DA:153,3
DA:155,3
DA:156,2
DA:158,1
DA:162,2
DA:163,7
DA:165,7
DA:166,7
DA:167,5
DA:171,5
DA:172,2
DA:175,3
DA:180,3
DA:184,3
DA:189,3
DA:193,3
DA:196,3
DA:198,4
DA:199,2
DA:201,2
DA:205,2
LF:68
LH:67
BRDA:4,0,0,3
BRDA:4,1,0,3
BRDA:42,2,0,5
BRDA:42,2,1,19
BRDA:42,3,0,24
BRDA:42,3,1,23
BRDA:42,3,2,21
BRDA:42,3,3,20
BRDA:46,4,0,2
BRDA:46,4,1,17
BRDA:46,5,0,19
BRDA:46,5,1,16
BRDA:55,6,0,2
BRDA:55,6,1,15
BRDA:63,7,0,2
BRDA:63,7,1,13
BRDA:80,8,0,3
BRDA:80,8,1,6
BRDA:100,9,0,2
BRDA:100,9,1,6
BRDA:100,10,0,8
BRDA:100,10,1,7
BRDA:100,10,2,6
BRDA:100,10,3,6
BRDA:104,11,0,0
BRDA:104,11,1,6
BRDA:104,12,0,6
BRDA:104,12,1,5
BRDA:114,13,0,2
BRDA:114,13,1,4
BRDA:124,14,0,0
BRDA:124,14,1,4
BRDA:130,15,0,1
BRDA:130,15,1,3
BRDA:155,16,0,2
BRDA:155,16,1,1
BRDA:171,17,0,2
BRDA:171,17,1,3
BRDA:180,18,0,1
BRDA:180,18,1,2
BRDA:198,19,0,2
BRDA:198,19,1,2
BRF:42
BRH:40
end_of_record
TN:
SF:src/middlewares/auth.middleware.js
FN:3,(anonymous_0)
FNF:1
FNH:1
FNDA:48,(anonymous_0)
DA:1,2
DA:3,2
DA:4,48
DA:6,48
DA:7,10
DA:10,38
DA:13,38
DA:14,1
DA:17,37
DA:18,37
DA:19,31
DA:20,31
DA:22,6
DA:26,2
LF:14
LH:14
BRDA:6,0,0,10
BRDA:6,0,1,38
BRDA:6,1,0,48
BRDA:6,1,1,42
BRDA:13,2,0,1
BRDA:13,2,1,37
BRF:6
BRH:6
end_of_record
TN:
SF:src/routes/account.routes.js
FNF:0
FNH:0
DA:1,0
DA:2,0
DA:3,0
DA:5,0
DA:7,0
DA:9,0
DA:10,0
DA:11,0
DA:13,0
LF:9
LH:0
BRF:0
BRH:0
end_of_record
TN:
SF:src/routes/auth.routes.js
FNF:0
FNH:0
DA:1,1
DA:2,1
DA:4,1
DA:6,1
DA:7,1
DA:9,1
LF:6
LH:6
BRF:0
BRH:0
end_of_record
TN:
SF:src/routes/category.routes.js
FNF:0
FNH:0
DA:1,0
DA:7,0
DA:8,0
DA:10,0
DA:12,0
DA:14,0
DA:15,0
DA:16,0
DA:17,0
DA:19,0
LF:10
LH:0
BRF:0
BRH:0
end_of_record
TN:
SF:src/routes/transaction.routes.js
FNF:0
FNH:0
DA:1,1
DA:7,1
DA:8,1
DA:10,1
DA:12,1
DA:14,1
DA:15,1
DA:16,1
DA:17,1
DA:19,1
LF:10
LH:10
BRF:0
BRH:0
end_of_record
TN:
SF:src/utils/aws-secrets.js
FN:5,(anonymous_0)
FN:19,(anonymous_1)
FN:48,(anonymous_2)
FN:67,(anonymous_3)
FN:76,(anonymous_4)
FNF:5
FNH:0
FNDA:0,(anonymous_0)
FNDA:0,(anonymous_1)
FNDA:0,(anonymous_2)
FNDA:0,(anonymous_3)
FNDA:0,(anonymous_4)
DA:1,0
DA:2,0
DA:6,0
DA:7,0
DA:8,0
DA:10,0
DA:11,0
DA:15,0
DA:20,0
DA:24,0
DA:29,0
DA:30,0
DA:34,0
DA:36,0
DA:37,0
DA:40,0
DA:43,0
DA:44,0
DA:49,0
DA:51,0
DA:53,0
DA:57,0
DA:59,0
DA:60,0
DA:63,0
DA:64,0
DA:69,0
DA:70,0
DA:71,0
DA:73,0
DA:77,0
DA:78,0
DA:81,0
DA:89,0
LF:34
LH:0
BRDA:6,0,0,0
BRDA:6,0,1,0
BRDA:7,1,0,0
BRDA:7,1,1,0
BRDA:10,2,0,0
BRDA:10,2,1,0
BRDA:12,3,0,0
BRDA:12,3,1,0
BRDA:19,4,0,0
BRDA:20,5,0,0
BRDA:20,5,1,0
BRDA:31,6,0,0
BRDA:31,6,1,0
BRDA:36,7,0,0
BRDA:36,7,1,0
BRDA:51,8,0,0
BRDA:51,8,1,0
BRDA:59,9,0,0
BRDA:59,9,1,0
BRDA:59,10,0,0
BRDA:59,10,1,0
BRDA:59,10,2,0
BRDA:63,11,0,0
BRDA:63,11,1,0
BRDA:70,12,0,0
BRDA:70,12,1,0
BRDA:84,13,0,0
BRDA:84,13,1,0
BRF:28
BRH:0
end_of_record
TN:
SF:src/utils/prisma.js
FNF:0
FNH:0
DA:1,0
DA:3,0
DA:5,0
LF:3
LH:0
BRF:0
BRH:0
end_of_record
